{
  "stats": {
    "suites": 1,
    "tests": 2,
    "passes": 0,
    "pending": 0,
    "failures": 2,
    "start": "2023-06-20T07:29:44.217Z",
    "end": "2023-06-20T07:30:03.786Z",
    "duration": 19569,
    "testsRegistered": 2,
    "passPercent": 0,
    "pendingPercent": 0,
    "other": 0,
    "hasOther": false,
    "skipped": 0,
    "hasSkipped": false
  },
  "results": [
    {
      "uuid": "99230fad-9c2d-4d3e-8aa8-74a25d26ad36",
      "title": "",
      "fullFile": "cypress/e2e/desktop/functional/wcag.feature",
      "file": "cypress/e2e/desktop/functional/wcag.feature",
      "beforeHooks": [],
      "afterHooks": [],
      "tests": [],
      "suites": [
        {
          "uuid": "6d451b4a-c071-432b-ab56-2ae80bc3ceb1",
          "title": "Web Accessibility Tests",
          "fullFile": "",
          "file": "",
          "beforeHooks": [],
          "afterHooks": [],
          "tests": [
            {
              "title": "Verify all WCAG Violations",
              "fullTitle": "Web Accessibility Tests Verify all WCAG Violations",
              "timedOut": null,
              "duration": 8566,
              "state": "failed",
              "speed": null,
              "pass": false,
              "fail": true,
              "pending": false,
              "context": "[\n  {\n    \"title\": \"cypress-mochawesome-reporter-videos-failed\",\n    \"value\": \"cypress/e2e/desktop/functional/wcag.feature\"\n  },\n  {\n    \"title\": \"cypress-mochawesome-reporter-screenshots\",\n    \"value\": [\n      [\n        \"/wcag.feature/Web Accessibility Tests -- Verify all WCAG Violations (failed).png\"\n      ]\n    ]\n  }\n]",
              "code": "const state = window.testState;\nreturn cy\n  .then(() => state.onStartScenario(scenario, indexedSteps))\n  .then(() =>\n    resolveAndRunBeforeHooks.call(this, scenario.tags, state.feature.name)\n  )\n  .then(() =>\n    indexedSteps.forEach((step) =>\n      stepTest.call(this, state, step, rowData)\n    )\n  )\n  .then(() => state.onFinishScenario(scenario));",
              "err": {
                "message": "AssertionError: 9 accessibility violations were detected: expected 9 to equal 0",
                "estack": "AssertionError: 9 accessibility violations were detected: expected 9 to equal 0\n    at Context.eval (node_modules/cypress-axe/dist/index.js:100:0)",
                "diff": null
              },
              "uuid": "8cca5986-8ce1-47e5-a768-f021361d2ee9",
              "parentUUID": "6d451b4a-c071-432b-ab56-2ae80bc3ceb1",
              "isHook": false,
              "skipped": false
            },
            {
              "title": "Verify P1,P2 WCAG Violations",
              "fullTitle": "Web Accessibility Tests Verify P1,P2 WCAG Violations",
              "timedOut": null,
              "duration": 7820,
              "state": "failed",
              "speed": null,
              "pass": false,
              "fail": true,
              "pending": false,
              "context": "[\n  {\n    \"title\": \"cypress-mochawesome-reporter-videos-failed\",\n    \"value\": \"cypress/e2e/desktop/functional/wcag.feature\"\n  },\n  {\n    \"title\": \"cypress-mochawesome-reporter-screenshots\",\n    \"value\": [\n      [\n        \"/wcag.feature/Web Accessibility Tests -- Verify P1,P2 WCAG Violations (failed).png\"\n      ]\n    ]\n  }\n]",
              "code": "const state = window.testState;\nreturn cy\n  .then(() => state.onStartScenario(scenario, indexedSteps))\n  .then(() =>\n    resolveAndRunBeforeHooks.call(this, scenario.tags, state.feature.name)\n  )\n  .then(() =>\n    indexedSteps.forEach((step) =>\n      stepTest.call(this, state, step, rowData)\n    )\n  )\n  .then(() => state.onFinishScenario(scenario));",
              "err": {
                "message": "AssertionError: 5 accessibility violations were detected: expected 5 to equal 0",
                "estack": "AssertionError: 5 accessibility violations were detected: expected 5 to equal 0\n    at Context.eval (node_modules/cypress-axe/dist/index.js:100:0)",
                "diff": null
              },
              "uuid": "0b0d14b3-ad3c-490e-9566-278c1e261eea",
              "parentUUID": "6d451b4a-c071-432b-ab56-2ae80bc3ceb1",
              "isHook": false,
              "skipped": false
            }
          ],
          "suites": [],
          "passes": [],
          "failures": [
            "8cca5986-8ce1-47e5-a768-f021361d2ee9",
            "0b0d14b3-ad3c-490e-9566-278c1e261eea"
          ],
          "pending": [],
          "skipped": [],
          "duration": 16386,
          "root": false,
          "rootEmpty": false,
          "_timeout": 2000
        }
      ],
      "passes": [],
      "failures": [],
      "pending": [],
      "skipped": [],
      "duration": 0,
      "root": true,
      "rootEmpty": true,
      "_timeout": 2000
    }
  ],
  "meta": {
    "mocha": {
      "version": "7.0.1"
    },
    "mochawesome": {
      "options": {
        "quiet": false,
        "reportFilename": "mochawesome",
        "saveHtml": false,
        "saveJson": true,
        "consoleReporter": "spec",
        "useInlineDiffs": false,
        "code": true
      },
      "version": "7.1.3"
    },
    "marge": {
      "options": {
        "reportPageTitle": "Execution Report",
        "reportDir": "cypress/mochawesome-report",
        "charts": true,
        "json": true,
        "overwrite": false,
        "html": false
      },
      "version": "6.2.0"
    }
  }
}