{
  "stats": {
    "suites": 1,
    "tests": 1,
    "passes": 1,
    "pending": 0,
    "failures": 0,
    "start": "2023-06-20T07:27:18.835Z",
    "end": "2023-06-20T07:27:41.796Z",
    "duration": 22961,
    "testsRegistered": 1,
    "passPercent": 100,
    "pendingPercent": 0,
    "other": 0,
    "hasOther": false,
    "skipped": 0,
    "hasSkipped": false
  },
  "results": [
    {
      "uuid": "f7a446d7-99cb-4809-84bf-47cc941de999",
      "title": "",
      "fullFile": "cypress/e2e/desktop/functional/agoda_search.feature",
      "file": "cypress/e2e/desktop/functional/agoda_search.feature",
      "beforeHooks": [],
      "afterHooks": [],
      "tests": [],
      "suites": [
        {
          "uuid": "9ae2d354-b03c-4ab7-92f6-fd6d93782daa",
          "title": "Flight Status",
          "fullFile": "",
          "file": "",
          "beforeHooks": [],
          "afterHooks": [],
          "tests": [
            {
              "title": "Search for a flight status",
              "fullTitle": "Flight Status Search for a flight status",
              "timedOut": null,
              "duration": 19834,
              "state": "passed",
              "speed": "slow",
              "pass": true,
              "fail": false,
              "pending": false,
              "context": "{\n  \"title\": \"cypress-mochawesome-reporter-videos-passed\",\n  \"value\": \"cypress/e2e/desktop/functional/agoda_search.feature\"\n}",
              "code": "const state = window.testState;\nreturn cy\n  .then(() => state.onStartScenario(scenario, indexedSteps))\n  .then(() =>\n    resolveAndRunBeforeHooks.call(this, scenario.tags, state.feature.name)\n  )\n  .then(() =>\n    indexedSteps.forEach((step) =>\n      stepTest.call(this, state, step, rowData)\n    )\n  )\n  .then(() => state.onFinishScenario(scenario));",
              "err": {},
              "uuid": "42677a10-7ef2-49dc-9e2c-1775064a9a4b",
              "parentUUID": "9ae2d354-b03c-4ab7-92f6-fd6d93782daa",
              "isHook": false,
              "skipped": false
            }
          ],
          "suites": [],
          "passes": [
            "42677a10-7ef2-49dc-9e2c-1775064a9a4b"
          ],
          "failures": [],
          "pending": [],
          "skipped": [],
          "duration": 19834,
          "root": false,
          "rootEmpty": false,
          "_timeout": 2000
        }
      ],
      "passes": [],
      "failures": [],
      "pending": [],
      "skipped": [],
      "duration": 0,
      "root": true,
      "rootEmpty": true,
      "_timeout": 2000
    }
  ],
  "meta": {
    "mocha": {
      "version": "7.0.1"
    },
    "mochawesome": {
      "options": {
        "quiet": false,
        "reportFilename": "mochawesome",
        "saveHtml": false,
        "saveJson": true,
        "consoleReporter": "spec",
        "useInlineDiffs": false,
        "code": true
      },
      "version": "7.1.3"
    },
    "marge": {
      "options": {
        "reportPageTitle": "Execution Report",
        "reportDir": "cypress/mochawesome-report",
        "charts": true,
        "json": true,
        "overwrite": false,
        "html": false
      },
      "version": "6.2.0"
    }
  }
}