{
  "stats": {
    "suites": 1,
    "tests": 1,
    "passes": 0,
    "pending": 0,
    "failures": 1,
    "start": "2023-06-20T07:27:53.855Z",
    "end": "2023-06-20T07:29:19.778Z",
    "duration": 85923,
    "testsRegistered": 1,
    "passPercent": 0,
    "pendingPercent": 0,
    "other": 0,
    "hasOther": false,
    "skipped": 0,
    "hasSkipped": false
  },
  "results": [
    {
      "uuid": "85abccfc-679c-4391-bf22-277cb53b836d",
      "title": "",
      "fullFile": "cypress/e2e/desktop/functional/flight_filter_search.feature",
      "file": "cypress/e2e/desktop/functional/flight_filter_search.feature",
      "beforeHooks": [],
      "afterHooks": [],
      "tests": [],
      "suites": [
        {
          "uuid": "19214edf-b483-4a85-b06c-59ec3dbd305b",
          "title": "Flight Status Validation",
          "fullFile": "",
          "file": "",
          "beforeHooks": [],
          "afterHooks": [],
          "tests": [
            {
              "title": "Verify Eurowings flights are displayed and not Lufthansa",
              "fullTitle": "Flight Status Validation Verify Eurowings flights are displayed and not Lufthansa",
              "timedOut": null,
              "duration": 82242,
              "state": "failed",
              "speed": null,
              "pass": false,
              "fail": true,
              "pending": false,
              "context": "[\n  {\n    \"title\": \"cypress-mochawesome-reporter-videos-failed\",\n    \"value\": \"cypress/e2e/desktop/functional/flight_filter_search.feature\"\n  },\n  {\n    \"title\": \"cypress-mochawesome-reporter-screenshots\",\n    \"value\": [\n      [\n        \"/flight_filter_search.feature/Flight Status Validation -- Verify Eurowings flights are displayed and not Lufthansa (failed).png\"\n      ]\n    ]\n  }\n]",
              "code": "const state = window.testState;\nreturn cy\n  .then(() => state.onStartScenario(scenario, indexedSteps))\n  .then(() =>\n    resolveAndRunBeforeHooks.call(this, scenario.tags, state.feature.name)\n  )\n  .then(() =>\n    indexedSteps.forEach((step) =>\n      stepTest.call(this, state, step, rowData)\n    )\n  )\n  .then(() => state.onFinishScenario(scenario));",
              "err": {
                "message": "AssertionError: Timed out retrying after 60000ms: expected '[ <div.Box-sc-kv6pi1-0.jEyiBE.FlightSlice__airline--2QesG>, 1 more... ]' to have text 'Lufthansa', but the text was 'EurowingsEurowings'",
                "estack": "AssertionError: Timed out retrying after 60000ms: expected '[ <div.Box-sc-kv6pi1-0.jEyiBE.FlightSlice__airline--2QesG>, 1 more... ]' to have text 'Lufthansa', but the text was 'EurowingsEurowings'\n    at Context.eval (cypress/support/assertions.ts:76:28)",
                "diff": "- 'EurowingsEurowings'\n+ 'Lufthansa'\n"
              },
              "uuid": "7dbaf4b5-2134-4b68-9b1a-b762695475b3",
              "parentUUID": "19214edf-b483-4a85-b06c-59ec3dbd305b",
              "isHook": false,
              "skipped": false
            }
          ],
          "suites": [],
          "passes": [],
          "failures": [
            "7dbaf4b5-2134-4b68-9b1a-b762695475b3"
          ],
          "pending": [],
          "skipped": [],
          "duration": 82242,
          "root": false,
          "rootEmpty": false,
          "_timeout": 2000
        }
      ],
      "passes": [],
      "failures": [],
      "pending": [],
      "skipped": [],
      "duration": 0,
      "root": true,
      "rootEmpty": true,
      "_timeout": 2000
    }
  ],
  "meta": {
    "mocha": {
      "version": "7.0.1"
    },
    "mochawesome": {
      "options": {
        "quiet": false,
        "reportFilename": "mochawesome",
        "saveHtml": false,
        "saveJson": true,
        "consoleReporter": "spec",
        "useInlineDiffs": false,
        "code": true
      },
      "version": "7.1.3"
    },
    "marge": {
      "options": {
        "reportPageTitle": "Execution Report",
        "reportDir": "cypress/mochawesome-report",
        "charts": true,
        "json": true,
        "overwrite": false,
        "html": false
      },
      "version": "6.2.0"
    }
  }
}