{
  "stats": {
    "suites": 1,
    "tests": 1,
    "passes": 1,
    "pending": 0,
    "failures": 0,
    "start": "2023-11-16T18:15:28.479Z",
    "end": "2023-11-16T18:15:46.429Z",
    "duration": 17950,
    "testsRegistered": 1,
    "passPercent": 100,
    "pendingPercent": 0,
    "other": 0,
    "hasOther": false,
    "skipped": 0,
    "hasSkipped": false
  },
  "results": [
    {
      "uuid": "b9a3ada2-34fc-4aae-bd42-011e6396c0f7",
      "title": "",
      "fullFile": "cypress/e2e/desktop/functional/agoda_visual.feature",
      "file": "cypress/e2e/desktop/functional/agoda_visual.feature",
      "beforeHooks": [],
      "afterHooks": [],
      "tests": [],
      "suites": [
        {
          "uuid": "7e14b106-f197-404b-81e9-9f7155637b24",
          "title": "Visual Automation using Applitools",
          "fullFile": "",
          "file": "",
          "beforeHooks": [],
          "afterHooks": [],
          "tests": [
            {
              "title": "Visual Automation using Applitools",
              "fullTitle": "Visual Automation using Applitools Visual Automation using Applitools",
              "timedOut": null,
              "duration": 15332,
              "state": "passed",
              "speed": "slow",
              "pass": true,
              "fail": false,
              "pending": false,
              "context": null,
              "code": "const state = window.testState;\nreturn cy\n  .then(() => state.onStartScenario(scenario, indexedSteps))\n  .then(() =>\n    resolveAndRunBeforeHooks.call(this, scenario.tags, state.feature.name)\n  )\n  .then(() =>\n    indexedSteps.forEach((step) =>\n      stepTest.call(this, state, step, rowData)\n    )\n  )\n  .then(() => state.onFinishScenario(scenario));",
              "err": {},
              "uuid": "5e3103e4-d0a4-4a42-a88b-787447224075",
              "parentUUID": "7e14b106-f197-404b-81e9-9f7155637b24",
              "isHook": false,
              "skipped": false
            }
          ],
          "suites": [],
          "passes": [
            "5e3103e4-d0a4-4a42-a88b-787447224075"
          ],
          "failures": [],
          "pending": [],
          "skipped": [],
          "duration": 15332,
          "root": false,
          "rootEmpty": false,
          "_timeout": 2000
        }
      ],
      "passes": [],
      "failures": [],
      "pending": [],
      "skipped": [],
      "duration": 0,
      "root": true,
      "rootEmpty": true,
      "_timeout": 2000
    }
  ],
  "meta": {
    "mocha": {
      "version": "7.0.1"
    },
    "mochawesome": {
      "options": {
        "quiet": false,
        "reportFilename": "mochawesome",
        "saveHtml": false,
        "saveJson": true,
        "consoleReporter": "spec",
        "useInlineDiffs": false,
        "code": true
      },
      "version": "7.1.3"
    },
    "marge": {
      "options": {
        "reportPageTitle": "Execution Report",
        "charts": true,
        "json": true,
        "overwrite": false,
        "html": false
      },
      "version": "6.2.0"
    }
  }
}