{
  "stats": {
    "suites": 1,
    "tests": 1,
    "passes": 1,
    "pending": 0,
    "failures": 0,
    "start": "2023-06-20T07:39:14.992Z",
    "end": "2023-06-20T07:40:00.887Z",
    "duration": 45895,
    "testsRegistered": 1,
    "passPercent": 100,
    "pendingPercent": 0,
    "other": 0,
    "hasOther": false,
    "skipped": 0,
    "hasSkipped": false
  },
  "results": [
    {
      "uuid": "f9b611c8-e430-48fc-9e6e-5fba61c9f4bc",
      "title": "",
      "fullFile": "cypress/e2e/desktop/functional/agoda_search.feature",
      "file": "cypress/e2e/desktop/functional/agoda_search.feature",
      "beforeHooks": [],
      "afterHooks": [],
      "tests": [],
      "suites": [
        {
          "uuid": "93e9d7cb-c191-4f62-902d-7d751950c3ce",
          "title": "Flight Status",
          "fullFile": "",
          "file": "",
          "beforeHooks": [],
          "afterHooks": [],
          "tests": [
            {
              "title": "Search for a flight status",
              "fullTitle": "Flight Status Search for a flight status",
              "timedOut": null,
              "duration": 42876,
              "state": "passed",
              "speed": "slow",
              "pass": true,
              "fail": false,
              "pending": false,
              "context": "{\n  \"title\": \"cypress-mochawesome-reporter-videos-passed\",\n  \"value\": \"cypress/e2e/desktop/functional/agoda_search.feature\"\n}",
              "code": "const state = window.testState;\nreturn cy\n  .then(() => state.onStartScenario(scenario, indexedSteps))\n  .then(() =>\n    resolveAndRunBeforeHooks.call(this, scenario.tags, state.feature.name)\n  )\n  .then(() =>\n    indexedSteps.forEach((step) =>\n      stepTest.call(this, state, step, rowData)\n    )\n  )\n  .then(() => state.onFinishScenario(scenario));",
              "err": {},
              "uuid": "63e58fdd-2be5-4174-bb4d-a4d4032ba3cb",
              "parentUUID": "93e9d7cb-c191-4f62-902d-7d751950c3ce",
              "isHook": false,
              "skipped": false
            }
          ],
          "suites": [],
          "passes": [
            "63e58fdd-2be5-4174-bb4d-a4d4032ba3cb"
          ],
          "failures": [],
          "pending": [],
          "skipped": [],
          "duration": 42876,
          "root": false,
          "rootEmpty": false,
          "_timeout": 2000
        }
      ],
      "passes": [],
      "failures": [],
      "pending": [],
      "skipped": [],
      "duration": 0,
      "root": true,
      "rootEmpty": true,
      "_timeout": 2000
    }
  ],
  "meta": {
    "mocha": {
      "version": "7.0.1"
    },
    "mochawesome": {
      "options": {
        "quiet": false,
        "reportFilename": "mochawesome",
        "saveHtml": false,
        "saveJson": true,
        "consoleReporter": "spec",
        "useInlineDiffs": false,
        "code": true
      },
      "version": "7.1.3"
    },
    "marge": {
      "options": {
        "reportPageTitle": "Execution Report",
        "charts": true,
        "json": true,
        "overwrite": false,
        "html": false
      },
      "version": "6.2.0"
    }
  }
}