{
  "stats": {
    "suites": 1,
    "tests": 1,
    "passes": 0,
    "pending": 0,
    "failures": 1,
    "start": "2023-11-16T18:13:29.722Z",
    "end": "2023-11-16T18:13:40.848Z",
    "duration": 11126,
    "testsRegistered": 1,
    "passPercent": 0,
    "pendingPercent": 0,
    "other": 0,
    "hasOther": false,
    "skipped": 0,
    "hasSkipped": false
  },
  "results": [
    {
      "uuid": "7ff52797-42de-403e-9f86-55deef051655",
      "title": "",
      "fullFile": "cypress/e2e/desktop/functional/agoda_visual.feature",
      "file": "cypress/e2e/desktop/functional/agoda_visual.feature",
      "beforeHooks": [],
      "afterHooks": [],
      "tests": [],
      "suites": [
        {
          "uuid": "e11ba073-9640-4fcd-a1d3-243325e82724",
          "title": "Visual Automation using Applitools",
          "fullFile": "",
          "file": "",
          "beforeHooks": [],
          "afterHooks": [],
          "tests": [
            {
              "title": "Visual Automation using Applitools",
              "fullTitle": "Visual Automation using Applitools Visual Automation using Applitools",
              "timedOut": null,
              "duration": 8408,
              "state": "failed",
              "speed": null,
              "pass": false,
              "fail": true,
              "pending": false,
              "context": "{\n  \"title\": \"cypress-mochawesome-reporter-screenshots\",\n  \"value\": [\n    [\n      \"/agoda_visual.feature/Visual Automation using Applitools -- Visual Automation using Applitools (failed).png\"\n    ]\n  ]\n}",
              "code": "const state = window.testState;\nreturn cy\n  .then(() => state.onStartScenario(scenario, indexedSteps))\n  .then(() =>\n    resolveAndRunBeforeHooks.call(this, scenario.tags, state.feature.name)\n  )\n  .then(() =>\n    indexedSteps.forEach((step) =>\n      stepTest.call(this, state, step, rowData)\n    )\n  )\n  .then(() => state.onFinishScenario(scenario));",
              "err": {
                "message": "TypeError: cy.takeScreenshot is not a function",
                "estack": "TypeError: cy.takeScreenshot is not a function\n    at Context.eval (cypress/e2e/desktop/functional/agoda_visual/agoda_visual.ts:25:5)\n    at Context.resolveAndRunStepDefinition (node_modules/cypress-cucumber-preprocessor/lib/resolveStepDefinition.js:193:0)\n    at Context.eval (node_modules/cypress-cucumber-preprocessor/lib/createTestFromScenario.js:27:0)",
                "diff": null
              },
              "uuid": "77e3f817-dff1-4ea9-b1f2-e6f65fa505a5",
              "parentUUID": "e11ba073-9640-4fcd-a1d3-243325e82724",
              "isHook": false,
              "skipped": false
            }
          ],
          "suites": [],
          "passes": [],
          "failures": [
            "77e3f817-dff1-4ea9-b1f2-e6f65fa505a5"
          ],
          "pending": [],
          "skipped": [],
          "duration": 8408,
          "root": false,
          "rootEmpty": false,
          "_timeout": 2000
        }
      ],
      "passes": [],
      "failures": [],
      "pending": [],
      "skipped": [],
      "duration": 0,
      "root": true,
      "rootEmpty": true,
      "_timeout": 2000
    }
  ],
  "meta": {
    "mocha": {
      "version": "7.0.1"
    },
    "mochawesome": {
      "options": {
        "quiet": false,
        "reportFilename": "mochawesome",
        "saveHtml": false,
        "saveJson": true,
        "consoleReporter": "spec",
        "useInlineDiffs": false,
        "code": true
      },
      "version": "7.1.3"
    },
    "marge": {
      "options": {
        "reportPageTitle": "Execution Report",
        "charts": true,
        "json": true,
        "overwrite": false,
        "html": false
      },
      "version": "6.2.0"
    }
  }
}